<?xml version="1.0" encoding="UTF-8"?>
<!-- Generated by org.testng.reporters.JUnitXMLReporter -->
<testsuite ignored="0" hostname="LBLT-15280" failures="1" tests="4" name="Sample Test" time="32.51" errors="0" timestamp="25 Aug 2024 08:44:45 GMT">
  <testcase classname="TestCases.HomeTest" name="addCart" time="1.571"/>
  <testcase classname="TestCases.LoginTest" name="TC01_LoginSuccess" time="3.88">
    <failure type="java.lang.AssertionError" message="expected [Productss] but found [Products]">
      <![CDATA[java.lang.AssertionError: expected [Productss] but found [Products]
at PageObject.LoginPage.validatText(LoginPage.java:44)
at TestCases.LoginTest.TC01_LoginSuccess(LoginTest.java:18)
at com.intellij.rt.testng.IDEARemoteTestNG.run(IDEARemoteTestNG.java:65)
at com.intellij.rt.testng.RemoteTestNGStarter.main(RemoteTestNGStarter.java:105)
... Removed 26 stack frames]]>
    </failure>
  </testcase> <!-- TC01_LoginSuccess -->
  <testcase classname="TestCases.LoginTest" name="TC02_LoginFailure" time="0.31"/>
  <testcase classname="TestCases.LoginTest" name="TC03_LockedUser" time="0.349"/>
</testsuite> <!-- Sample Test -->
