<?xml version="1.0" encoding="UTF-8"?>
<!-- Generated by org.testng.reporters.JUnitXMLReporter -->
<testsuite ignored="0" hostname="LBLT-15280" failures="0" tests="4" name="Sample Test" time="28.553" errors="0" timestamp="28 Jul 2024 14:50:11 GMT">
  <testcase classname="TestCases.HomeTest" name="addCart" time="2.275"/>
  <testcase classname="TestCases.LoginTest" name="TC01_LoginSuccess" time="1.038"/>
  <testcase classname="TestCases.LoginTest" name="TC02_LoginFailure" time="0.266"/>
  <testcase classname="TestCases.LoginTest" name="TC03_LockedUser" time="0.354"/>
</testsuite> <!-- Sample Test -->
